<?xml version="1.0" encoding="UTF-8"?>
<!-- Generated by org.testng.reporters.JUnitReportReporter -->
<testsuite hostname="gulcans-MacBook-Pro.local" failures="0" tests="1" name="makeComment" time="3.048" errors="1" timestamp="01 Nov 2018 21:15:32 GMT" skipped="0">
  <testcase classname="makeComment" name="makeComment" time="3.048">
    <error message="Returned value cannot be converted to List&lt;WebElement&gt;: {error=invalid session id, message=A session is either terminated or not started, stacktrace=NoSuchDriverError: A session is either terminated or not started
    at asyncHandler$ (/Applications/Appium.app/Contents/Resources/app/node_modules/appium/node_modules/appium-base-driver/lib/protocol/protocol.js:212:15)
    at tryCatch (/Applications/Appium.app/Contents/Resources/app/node_modules/appium/node_modules/babel-runtime/regenerator/runtime.js:67:40)
    at GeneratorFunctionPrototype.invoke [as _invoke] (/Applications/Appium.app/Contents/Resources/app/node_modules/appium/node_modules/babel-runtime/regenerator/runtime.js:315:22)
    at GeneratorFunctionPrototype.prototype.(anonymous function) [as next] (/Applications/Appium.app/Contents/Resources/app/node_modules/appium/node_modules/babel-runtime/regenerator/runtime.js:100:21)
    at invoke (/Applications/Appium.app/Contents/Resources/app/node_modules/appium/node_modules/babel-runtime/regenerator/runtime.js:136:37)
    at enqueueResult (/Applications/Appium.app/Contents/Resources/app/node_modules/appium/node_modules/babel-runtime/regenerator/runtime.js:185:17)
    at new Promise (&lt;anonymous&gt;)
    at new F (/Applications/Appium.app/Contents/Resources/app/node_modules/appium/node_modules/core-js/library/modules/$.export.js:30:36)
    at AsyncIterator.enqueue (/Applications/Appium.app/Contents/Resources/app/node_modules/appium/node_modules/babel-runtime/regenerator/runtime.js:184:12)
    at AsyncIterator.prototype.(anonymous function) [as next] (/Applications/Appium.app/Contents/Resources/app/node_modules/appium/node_modules/babel-runtime/regenerator/runtime.js:100:21)
    at Object.runtime.async (/Applications/Appium.app/Contents/Resources/app/node_modules/appium/node_modules/babel-runtime/regenerator/runtime.js:209:12)
    at asyncHandler (/Applications/Appium.app/Contents/Resources/app/node_modules/appium/node_modules/appium-base-driver/build/lib/protocol/protocol.js:331:32)
    at /Applications/Appium.app/Contents/Resources/app/node_modules/appium/node_modules/appium-base-driver/lib/protocol/protocol.js:403:15
    at Layer.handle [as handle_request] (/Applications/Appium.app/Contents/Resources/app/node_modules/appium/node_modules/express/lib/router/layer.js:95:5)
    at next (/Applications/Appium.app/Contents/Resources/app/node_modules/appium/node_modules/express/lib/router/route.js:137:13)
    at Route.dispatch (/Applications/Appium.app/Contents/Resources/app/node_modules/appium/node_modules/express/lib/router/route.js:112:3)
    at Layer.handle [as handle_request] (/Applications/Appium.app/Contents/Resources/app/node_modules/appium/node_modules/express/lib/router/layer.js:95:5)
    at /Applications/Appium.app/Contents/Resources/app/node_modules/appium/node_modules/express/lib/router/index.js:281:22
    at param (/Applications/Appium.app/Contents/Resources/app/node_modules/appium/node_modules/express/lib/router/index.js:354:14)
    at param (/Applications/Appium.app/Contents/Resources/app/node_modules/appium/node_modules/express/lib/router/index.js:365:14)
    at Function.process_params (/Applications/Appium.app/Contents/Resources/app/node_modules/appium/node_modules/express/lib/router/index.js:410:3)
    at next (/Applications/Appium.app/Contents/Resources/app/node_modules/appium/node_modules/express/lib/router/index.js:275:10)
    at logger (/Applications/Appium.app/Contents/Resources/app/node_modules/appium/node_modules/morgan/index.js:144:5)
    at Layer.handle [as handle_request] (/Applications/Appium.app/Contents/Resources/app/node_modules/appium/node_modules/express/lib/router/layer.js:95:5)
    at trim_prefix (/Applications/Appium.app/Contents/Resources/app/node_modules/appium/node_modules/express/lib/router/index.js:317:13)
    at /Applications/Appium.app/Contents/Resources/app/node_modules/appium/node_modules/express/lib/router/index.js:284:7
    at Function.process_params (/Applications/Appium.app/Contents/Resources/app/node_modules/appium/node_modules/express/lib/router/index.js:335:12)
    at next (/Applications/Appium.app/Contents/Resources/app/node_modules/appium/node_modules/express/lib/router/index.js:275:10)
    at /Applications/Appium.app/Contents/Resources/app/node_modules/appium/node_modules/body-parser/lib/read.js:130:5
    at invokeCallback (/Applications/Appium.app/Contents/Resources/app/node_modules/appium/node_modules/raw-body/index.js:224:16)
    at done (/Applications/Appium.app/Contents/Resources/app/node_modules/appium/node_modules/raw-body/index.js:213:7)
    at IncomingMessage.onEnd (/Applications/Appium.app/Contents/Resources/app/node_modules/appium/node_modules/raw-body/index.js:273:7)
    at emitNone (events.js:106:13)
    at IncomingMessage.emit (events.js:208:7)
    at endReadableNT (_stream_readable.js:1056:12)
    at _combinedTickCallback (internal/process/next_tick.js:138:11)
    at process._tickCallback (internal/process/next_tick.js:180:9)}
Build info: version: &#039;3.13.0&#039;, revision: &#039;2f0d292&#039;, time: &#039;2018-06-25T15:24:21.231Z&#039;
System info: host: &#039;gulcans-MacBook-Pro.local&#039;, ip: &#039;fe80:0:0:0:52:1551:4aa3:9aac%en0&#039;, os.name: &#039;Mac OS X&#039;, os.arch: &#039;x86_64&#039;, os.version: &#039;10.13.5&#039;, java.version: &#039;10.0.1&#039;
Driver info: driver.version: AppiumDriver" type="org.openqa.selenium.WebDriverException">
      <![CDATA[org.openqa.selenium.WebDriverException: Returned value cannot be converted to List<WebElement>: {error=invalid session id, message=A session is either terminated or not started, stacktrace=NoSuchDriverError: A session is either terminated or not started
    at asyncHandler$ (/Applications/Appium.app/Contents/Resources/app/node_modules/appium/node_modules/appium-base-driver/lib/protocol/protocol.js:212:15)
    at tryCatch (/Applications/Appium.app/Contents/Resources/app/node_modules/appium/node_modules/babel-runtime/regenerator/runtime.js:67:40)
    at GeneratorFunctionPrototype.invoke [as _invoke] (/Applications/Appium.app/Contents/Resources/app/node_modules/appium/node_modules/babel-runtime/regenerator/runtime.js:315:22)
    at GeneratorFunctionPrototype.prototype.(anonymous function) [as next] (/Applications/Appium.app/Contents/Resources/app/node_modules/appium/node_modules/babel-runtime/regenerator/runtime.js:100:21)
    at invoke (/Applications/Appium.app/Contents/Resources/app/node_modules/appium/node_modules/babel-runtime/regenerator/runtime.js:136:37)
    at enqueueResult (/Applications/Appium.app/Contents/Resources/app/node_modules/appium/node_modules/babel-runtime/regenerator/runtime.js:185:17)
    at new Promise (<anonymous>)
    at new F (/Applications/Appium.app/Contents/Resources/app/node_modules/appium/node_modules/core-js/library/modules/$.export.js:30:36)
    at AsyncIterator.enqueue (/Applications/Appium.app/Contents/Resources/app/node_modules/appium/node_modules/babel-runtime/regenerator/runtime.js:184:12)
    at AsyncIterator.prototype.(anonymous function) [as next] (/Applications/Appium.app/Contents/Resources/app/node_modules/appium/node_modules/babel-runtime/regenerator/runtime.js:100:21)
    at Object.runtime.async (/Applications/Appium.app/Contents/Resources/app/node_modules/appium/node_modules/babel-runtime/regenerator/runtime.js:209:12)
    at asyncHandler (/Applications/Appium.app/Contents/Resources/app/node_modules/appium/node_modules/appium-base-driver/build/lib/protocol/protocol.js:331:32)
    at /Applications/Appium.app/Contents/Resources/app/node_modules/appium/node_modules/appium-base-driver/lib/protocol/protocol.js:403:15
    at Layer.handle [as handle_request] (/Applications/Appium.app/Contents/Resources/app/node_modules/appium/node_modules/express/lib/router/layer.js:95:5)
    at next (/Applications/Appium.app/Contents/Resources/app/node_modules/appium/node_modules/express/lib/router/route.js:137:13)
    at Route.dispatch (/Applications/Appium.app/Contents/Resources/app/node_modules/appium/node_modules/express/lib/router/route.js:112:3)
    at Layer.handle [as handle_request] (/Applications/Appium.app/Contents/Resources/app/node_modules/appium/node_modules/express/lib/router/layer.js:95:5)
    at /Applications/Appium.app/Contents/Resources/app/node_modules/appium/node_modules/express/lib/router/index.js:281:22
    at param (/Applications/Appium.app/Contents/Resources/app/node_modules/appium/node_modules/express/lib/router/index.js:354:14)
    at param (/Applications/Appium.app/Contents/Resources/app/node_modules/appium/node_modules/express/lib/router/index.js:365:14)
    at Function.process_params (/Applications/Appium.app/Contents/Resources/app/node_modules/appium/node_modules/express/lib/router/index.js:410:3)
    at next (/Applications/Appium.app/Contents/Resources/app/node_modules/appium/node_modules/express/lib/router/index.js:275:10)
    at logger (/Applications/Appium.app/Contents/Resources/app/node_modules/appium/node_modules/morgan/index.js:144:5)
    at Layer.handle [as handle_request] (/Applications/Appium.app/Contents/Resources/app/node_modules/appium/node_modules/express/lib/router/layer.js:95:5)
    at trim_prefix (/Applications/Appium.app/Contents/Resources/app/node_modules/appium/node_modules/express/lib/router/index.js:317:13)
    at /Applications/Appium.app/Contents/Resources/app/node_modules/appium/node_modules/express/lib/router/index.js:284:7
    at Function.process_params (/Applications/Appium.app/Contents/Resources/app/node_modules/appium/node_modules/express/lib/router/index.js:335:12)
    at next (/Applications/Appium.app/Contents/Resources/app/node_modules/appium/node_modules/express/lib/router/index.js:275:10)
    at /Applications/Appium.app/Contents/Resources/app/node_modules/appium/node_modules/body-parser/lib/read.js:130:5
    at invokeCallback (/Applications/Appium.app/Contents/Resources/app/node_modules/appium/node_modules/raw-body/index.js:224:16)
    at done (/Applications/Appium.app/Contents/Resources/app/node_modules/appium/node_modules/raw-body/index.js:213:7)
    at IncomingMessage.onEnd (/Applications/Appium.app/Contents/Resources/app/node_modules/appium/node_modules/raw-body/index.js:273:7)
    at emitNone (events.js:106:13)
    at IncomingMessage.emit (events.js:208:7)
    at endReadableNT (_stream_readable.js:1056:12)
    at _combinedTickCallback (internal/process/next_tick.js:138:11)
    at process._tickCallback (internal/process/next_tick.js:180:9)}
Build info: version: '3.13.0', revision: '2f0d292', time: '2018-06-25T15:24:21.231Z'
System info: host: 'gulcans-MacBook-Pro.local', ip: 'fe80:0:0:0:52:1551:4aa3:9aac%en0', os.name: 'Mac OS X', os.arch: 'x86_64', os.version: '10.13.5', java.version: '10.0.1'
Driver info: driver.version: AppiumDriver
at org.openqa.selenium.remote.RemoteWebDriver.findElements(RemoteWebDriver.java:359)
at io.appium.java_client.DefaultGenericMobileDriver.findElements(DefaultGenericMobileDriver.java:54)
at io.appium.java_client.AppiumDriver.findElements(AppiumDriver.java:152)
at org.openqa.selenium.remote.RemoteWebDriver.findElementsByXPath(RemoteWebDriver.java:428)
at io.appium.java_client.DefaultGenericMobileDriver.findElementsByXPath(DefaultGenericMobileDriver.java:156)
at io.appium.java_client.AppiumDriver.findElementsByXPath(AppiumDriver.java:184)
at org.openqa.selenium.By$ByXPath.findElements(By.java:348)
at org.openqa.selenium.remote.RemoteWebDriver.findElements(RemoteWebDriver.java:310)
at io.appium.java_client.DefaultGenericMobileDriver.findElements(DefaultGenericMobileDriver.java:50)
at io.appium.java_client.AppiumDriver.findElements(AppiumDriver.java:148)
at org.openqa.selenium.support.ui.ExpectedConditions.findElement(ExpectedConditions.java:895)
at org.openqa.selenium.support.ui.ExpectedConditions.access$000(ExpectedConditions.java:44)
at org.openqa.selenium.support.ui.ExpectedConditions$7.apply(ExpectedConditions.java:206)
at org.openqa.selenium.support.ui.ExpectedConditions$7.apply(ExpectedConditions.java:202)
at org.openqa.selenium.support.ui.ExpectedConditions$22.apply(ExpectedConditions.java:657)
at org.openqa.selenium.support.ui.ExpectedConditions$22.apply(ExpectedConditions.java:654)
at org.openqa.selenium.support.ui.FluentWait.until(FluentWait.java:248)
at makeComment.makeComment(makeComment.java:18)
at java.base/jdk.internal.reflect.NativeMethodAccessorImpl.invoke0(Native Method)
at java.base/jdk.internal.reflect.NativeMethodAccessorImpl.invoke(NativeMethodAccessorImpl.java:62)
at java.base/jdk.internal.reflect.DelegatingMethodAccessorImpl.invoke(DelegatingMethodAccessorImpl.java:43)
at java.base/java.lang.reflect.Method.invoke(Method.java:564)
at org.testng.internal.MethodInvocationHelper.invokeMethod(MethodInvocationHelper.java:124)
at org.testng.internal.Invoker.invokeMethod(Invoker.java:583)
at org.testng.internal.Invoker.invokeTestMethod(Invoker.java:719)
at org.testng.internal.Invoker.invokeTestMethods(Invoker.java:989)
at org.testng.internal.TestMethodWorker.invokeTestMethods(TestMethodWorker.java:125)
at org.testng.internal.TestMethodWorker.run(TestMethodWorker.java:109)
at org.testng.TestRunner.privateRun(TestRunner.java:648)
at org.testng.TestRunner.run(TestRunner.java:505)
at org.testng.SuiteRunner.runTest(SuiteRunner.java:455)
at org.testng.SuiteRunner.runSequentially(SuiteRunner.java:450)
at org.testng.SuiteRunner.privateRun(SuiteRunner.java:415)
at org.testng.SuiteRunner.run(SuiteRunner.java:364)
at org.testng.SuiteRunnerWorker.runSuite(SuiteRunnerWorker.java:52)
at org.testng.SuiteRunnerWorker.run(SuiteRunnerWorker.java:84)
at org.testng.TestNG.runSuitesSequentially(TestNG.java:1208)
at org.testng.TestNG.runSuitesLocally(TestNG.java:1137)
at org.testng.TestNG.runSuites(TestNG.java:1049)
at org.testng.TestNG.run(TestNG.java:1017)
at org.apache.maven.surefire.testng.TestNGExecutor.run(TestNGExecutor.java:281)
at org.apache.maven.surefire.testng.TestNGXmlTestSuite.execute(TestNGXmlTestSuite.java:75)
at org.apache.maven.surefire.testng.TestNGProvider.invoke(TestNGProvider.java:121)
at org.apache.maven.surefire.booter.ForkedBooter.invokeProviderInSameClassLoader(ForkedBooter.java:290)
at org.apache.maven.surefire.booter.ForkedBooter.runSuitesInProcess(ForkedBooter.java:242)
at org.apache.maven.surefire.booter.ForkedBooter.main(ForkedBooter.java:121)
Caused by: java.lang.ClassCastException: com.google.common.collect.Maps$TransformedEntriesMap cannot be cast to java.base/java.util.List
at org.openqa.selenium.remote.RemoteWebDriver.findElements(RemoteWebDriver.java:357)
... 45 more
]]>
    </error>
  </testcase> <!-- makeComment -->
</testsuite> <!-- makeComment -->
